<?xml version="1.0" encoding="utf-8"?><testsuites name="pytest tests"><testsuite name="pytest" errors="0" failures="11" skipped="0" tests="17" time="11.227" timestamp="2026-01-30T10:20:27.133488+00:00" hostname="runnervmkj6or"><testcase classname="tests.test_01_prep" name="test_apply_threshold" time="0.004"><failure message="AttributeError: module 'avpy._01_prep' has no attribute 'apply_threshold'">tests/test_01_prep.py:88: in test_apply_threshold
    result1 = _01_prep.apply_threshold(temp_file, 3, 3, binary=True, multiplier=1)
              ^^^^^^^^^^^^^^^^^^^^^^^^
E   AttributeError: module 'avpy._01_prep' has no attribute 'apply_threshold'</failure></testcase><testcase classname="tests.test_01_prep" name="test_main_function" time="0.019"><failure message="FileNotFoundError: [Errno 2] No such file or directory: '/tmp/pytest-of-runner/pytest-2/test_main_function0/data/orig'">tests/test_01_prep.py:114: in test_main_function
    _01_prep.main(path=str(test_data_dir["tmp_path"]))
src/avpy/_01_prep.py:140: in main
    _01a_segmentation_prep.main(path=path, debug=debug)
src/avpy/_01a_segmentation_prep.py:154: in main
    for item in os.listdir(in_path):
                ^^^^^^^^^^^^^^^^^^^
E   FileNotFoundError: [Errno 2] No such file or directory: '/tmp/pytest-of-runner/pytest-2/test_main_function0/data/orig'</failure></testcase><testcase classname="tests.test_02_basics" name="test_main_function" time="0.027"><failure message="FileNotFoundError: [Errno 2] No such file or directory: '/tmp/pytest-of-runner/pytest-2/test_main_function1/data/sbj.list'">tests/test_02_basics.py:75: in test_main_function
    _02_basics.main(path=str(test_data_dir["tmp_path"]))
src/avpy/_02_basics.py:48: in main
    with open(f"{study_path}/data/sbj.list", 'r') as f:
         ^^^^^^^^^^^^^^^^^^^^^^^^^^^^^^^^^^^^^^^^
tests/test_02_basics.py:71: in mock_open_file
    return original_open(*args, **kwargs)
           ^^^^^^^^^^^^^^^^^^^^^^^^^^^^^^
E   FileNotFoundError: [Errno 2] No such file or directory: '/tmp/pytest-of-runner/pytest-2/test_main_function1/data/sbj.list'</failure></testcase><testcase classname="tests.test_03a_normalize" name="test_main_function" time="0.026"><failure message="FileNotFoundError: [Errno 2] No such file or directory: '/tmp/pytest-of-runner/pytest-2/test_main_function2/data/sbj.list'">tests/test_03a_normalize.py:85: in test_main_function
    _03a_normalize.main(path=str(test_data_dir["tmp_path"]))
src/avpy/_03a_normalize.py:74: in main
    with open(os.path.join(StudyPath, 'data', 'sbj.list'), 'r') as fileID:
         ^^^^^^^^^^^^^^^^^^^^^^^^^^^^^^^^^^^^^^^^^^^^^^^^^^^^^^
tests/test_03a_normalize.py:81: in mock_open_file
    return original_open(*args, **kwargs)
           ^^^^^^^^^^^^^^^^^^^^^^^^^^^^^^
E   FileNotFoundError: [Errno 2] No such file or directory: '/tmp/pytest-of-runner/pytest-2/test_main_function2/data/sbj.list'</failure></testcase><testcase classname="tests.test_03b_resample" name="test_process_images" time="0.014"><failure message="FileNotFoundError: No such file or no access: '/tmp/pytest-of-runner/pytest-2/test_process_images0/study/data/proc/sub01/onrNone'">../../../.local/lib/python3.12/site-packages/nibabel/loadsave.py:101: in load
    stat_result = os.stat(filename)
                  ^^^^^^^^^^^^^^^^^
E   FileNotFoundError: [Errno 2] No such file or directory: '/tmp/pytest-of-runner/pytest-2/test_process_images0/study/data/proc/sub01/onrNone'

During handling of the above exception, another exception occurred:
tests/test_03b_resample.py:87: in test_process_images
    _03b_resample.process_images(study_path, base_image)
src/avpy/_03b_resample.py:55: in process_images
    img = nib.load(input_file)
          ^^^^^^^^^^^^^^^^^^^^
../../../.local/lib/python3.12/site-packages/nibabel/loadsave.py:103: in load
    raise FileNotFoundError(f"No such file or no access: '{filename}'")
E   FileNotFoundError: No such file or no access: '/tmp/pytest-of-runner/pytest-2/test_process_images0/study/data/proc/sub01/onrNone'</failure></testcase><testcase classname="tests.test_03b_resample" name="test_main_function" time="0.015"><failure message="FileNotFoundError: [Errno 2] No such file or directory: '/tmp/pytest-of-runner/pytest-2/test_main_function3/data/sbj.list'">tests/test_03b_resample.py:103: in test_main_function
    _03b_resample.main(path=str(test_data_dir["tmp_path"]))
src/avpy/_03b_resample.py:125: in main
    process_images(study_path, "_linearize_4bc.nii.gz", debug=debug)
src/avpy/_03b_resample.py:35: in process_images
    with open(os.path.join(study_path, "data", "sbj.list"), 'r') as f:
         ^^^^^^^^^^^^^^^^^^^^^^^^^^^^^^^^^^^^^^^^^^^^^^^^^^^^^^^
tests/test_03b_resample.py:99: in mock_open_file
    return original_open(*args, **kwargs)
           ^^^^^^^^^^^^^^^^^^^^^^^^^^^^^^
E   FileNotFoundError: [Errno 2] No such file or directory: '/tmp/pytest-of-runner/pytest-2/test_main_function3/data/sbj.list'</failure></testcase><testcase classname="tests.test_03c_normalize" name="test_main_function" time="0.045"><failure message="FileNotFoundError: [Errno 2] No such file or directory: '/tmp/pytest-of-runner/pytest-2/test_main_function4/data/sbj.list'">tests/test_03c_normalize.py:87: in test_main_function
    _03c_normalize.main(path=str(test_data_dir["tmp_path"]))
src/avpy/_03c_normalize.py:42: in main
    with open(os.path.join(StudyPath, 'data', 'sbj.list'), 'r') as fileID:
         ^^^^^^^^^^^^^^^^^^^^^^^^^^^^^^^^^^^^^^^^^^^^^^^^^^^^^^
tests/test_03c_normalize.py:83: in mock_open_file
    return original_open(*args, **kwargs)
           ^^^^^^^^^^^^^^^^^^^^^^^^^^^^^^
E   FileNotFoundError: [Errno 2] No such file or directory: '/tmp/pytest-of-runner/pytest-2/test_main_function4/data/sbj.list'</failure></testcase><testcase classname="tests.test_05_doatlas" name="test_main_function" time="0.026"><failure message="FileNotFoundError: [Errno 2] No such file or directory: '/tmp/pytest-of-runner/pytest-2/test_main_function5/data/sbj.list'">tests/test_05_doatlas.py:73: in test_main_function
    _05_doatlas.main(path=str(test_data_dir["tmp_path"]))
src/avpy/_05_doatlas.py:166: in main
    with open(sbj_list_path, 'r') as f:
         ^^^^^^^^^^^^^^^^^^^^^^^^
tests/test_05_doatlas.py:69: in mock_open_file
    return original_open(*args, **kwargs)
           ^^^^^^^^^^^^^^^^^^^^^^^^^^^^^^
E   FileNotFoundError: [Errno 2] No such file or directory: '/tmp/pytest-of-runner/pytest-2/test_main_function5/data/sbj.list'</failure></testcase><testcase classname="tests.test_06_stats" name="test_consolidated_file_with_group_column" time="0.385" /><testcase classname="tests.test_06_stats" name="test_consolidated_file_without_group_column" time="0.199" /><testcase classname="tests.test_06_stats" name="test_fallback_to_group_specific_files" time="0.310" /><testcase classname="tests.test_06_stats" name="test_consolidated_file_missing_subject_column" time="0.043" /><testcase classname="tests.test_06_stats" name="test_consolidated_file_unmapped_subjects" time="0.154" /><testcase classname="tests.test_06_stats" name="test_consolidated_file_missing_specified_groups" time="0.125" /><testcase classname="tests.test_main" name="test_argument_parsing" time="4.480"><failure message="AttributeError: 'Namespace' object has no attribute 'debug'">tests/test_main.py:88: in test_argument_parsing
    main.main()
src/avpy/main.py:135: in main
    debug = options.debug
            ^^^^^^^^^^^^^
E   AttributeError: 'Namespace' object has no attribute 'debug'</failure></testcase><testcase classname="tests.test_main" name="test_main_with_datasets" time="0.033"><failure message="AttributeError: 'Namespace' object has no attribute 'debug'">tests/test_main.py:135: in test_main_with_datasets
    main.main()
src/avpy/main.py:135: in main
    debug = options.debug
            ^^^^^^^^^^^^^
E   AttributeError: 'Namespace' object has no attribute 'debug'</failure></testcase><testcase classname="tests.test_main" name="test_pipeline_integration" time="0.035"><failure message="AttributeError: 'Namespace' object has no attribute 'debug'">tests/test_main.py:182: in test_pipeline_integration
    main.main()
src/avpy/main.py:135: in main
    debug = options.debug
            ^^^^^^^^^^^^^
E   AttributeError: 'Namespace' object has no attribute 'debug'</failure></testcase></testsuite></testsuites>