<?xml version="1.0" encoding="utf-8"?><testsuites><testsuite name="pytest" errors="1" failures="0" skipped="0" tests="1" time="8.289" timestamp="2026-03-27T19:02:49.643504" hostname="robbis-laptop"><testcase classname="" name="src.tests.test_avpy_pipeline" time="0.000"><error message="collection failure">ImportError while importing test module '/home/robbis/git/aVP-toolbox/src/tests/test_avpy_pipeline.py'.
Hint: make sure your test modules/packages have valid Python names.
Traceback:
../../miniconda3/envs/neuropy/lib/python3.11/site-packages/_pytest/python.py:617: in _importtestmodule
    mod = import_path(self.path, mode=importmode, root=self.config.rootpath)
../../miniconda3/envs/neuropy/lib/python3.11/site-packages/_pytest/pathlib.py:567: in import_path
    importlib.import_module(module_name)
../../miniconda3/envs/neuropy/lib/python3.11/importlib/__init__.py:126: in import_module
    return _bootstrap._gcd_import(name[level:], package, level)
&lt;frozen importlib._bootstrap&gt;:1204: in _gcd_import
    ???
&lt;frozen importlib._bootstrap&gt;:1176: in _find_and_load
    ???
&lt;frozen importlib._bootstrap&gt;:1147: in _find_and_load_unlocked
    ???
&lt;frozen importlib._bootstrap&gt;:690: in _load_unlocked
    ???
../../miniconda3/envs/neuropy/lib/python3.11/site-packages/_pytest/assertion/rewrite.py:186: in exec_module
    exec(co, module.__dict__)
src/tests/test_avpy_pipeline.py:25: in &lt;module&gt;
    from avpy import stats
E   ImportError: cannot import name 'stats' from 'avpy' (/home/robbis/git/aVP-toolbox/src/tests/../avpy/__init__.py)</error></testcase></testsuite></testsuites>